[debug] [2024-10-08T11:03:46.488Z] ----------------------------------------------------------------------
[debug] [2024-10-08T11:03:46.493Z] Command:       C:\Program Files\nodejs\node.exe C:\Users\USER\AppData\Roaming\npm\node_modules\firebase-tools\lib\bin\firebase.js init
[debug] [2024-10-08T11:03:46.493Z] CLI Version:   13.21.0
[debug] [2024-10-08T11:03:46.493Z] Platform:      win32
[debug] [2024-10-08T11:03:46.493Z] Node Version:  v20.11.0
[debug] [2024-10-08T11:03:46.494Z] Time:          Tue Oct 08 2024 04:03:46 GMT-0700 (Pacific Daylight Time)
[debug] [2024-10-08T11:03:46.494Z] ----------------------------------------------------------------------
[debug] 
[debug] [2024-10-08T11:03:46.504Z] > command requires scopes: ["email","openid","https://www.googleapis.com/auth/cloudplatformprojects.readonly","https://www.googleapis.com/auth/firebase","https://www.googleapis.com/auth/cloud-platform"]
[debug] [2024-10-08T11:03:46.504Z] > authorizing via signed-in user (adeshina93@gmail.com)
[info] 
     ######## #### ########  ######## ########     ###     ######  ########
     ##        ##  ##     ## ##       ##     ##  ##   ##  ##       ##
     ######    ##  ########  ######   ########  #########  ######  ######
     ##        ##  ##    ##  ##       ##     ## ##     ##       ## ##
     ##       #### ##     ## ######## ########  ##     ##  ######  ########

You're about to initialize a Firebase project in this directory:

  C:\Users\USER\Desktop\AK PROJECT

[info] 
=== Project Setup
[info] 
[info] First, let's associate this project directory with a Firebase project.
[info] You can create multiple project aliases by running firebase use --add, 
[info] but for now we'll just set up a default project.
[info] 
[debug] [2024-10-08T11:03:57.504Z] Checked if tokens are valid: false, expires at: 1709124913108
[debug] [2024-10-08T11:03:57.505Z] Checked if tokens are valid: false, expires at: 1709124913108
[debug] [2024-10-08T11:03:57.505Z] > refreshing access token with scopes: []
[debug] [2024-10-08T11:03:57.509Z] >>> [apiv2][query] POST https://www.googleapis.com/oauth2/v3/token [none]
[debug] [2024-10-08T11:03:57.510Z] >>> [apiv2][body] POST https://www.googleapis.com/oauth2/v3/token [omitted]
[debug] [2024-10-08T11:04:04.190Z] <<< [apiv2][status] POST https://www.googleapis.com/oauth2/v3/token 400
[debug] [2024-10-08T11:04:04.191Z] <<< [apiv2][body] POST https://www.googleapis.com/oauth2/v3/token [omitted]
[debug] [2024-10-08T11:04:04.197Z] >>> [apiv2][query] GET https://firebase.googleapis.com/v1beta1/projects pageSize=100
[debug] [2024-10-08T11:04:06.852Z] <<< [apiv2][status] GET https://firebase.googleapis.com/v1beta1/projects 401
[debug] [2024-10-08T11:04:06.852Z] <<< [apiv2][body] GET https://firebase.googleapis.com/v1beta1/projects [omitted]
[debug] [2024-10-08T11:04:06.852Z] Got a 401 Unauthenticated error for a call that required authentication. Refreshing tokens.
[debug] [2024-10-08T11:04:06.852Z] Checked if tokens are valid: false, expires at: 1709124913108
[debug] [2024-10-08T11:04:06.853Z] Checked if tokens are valid: false, expires at: 1709124913108
[debug] [2024-10-08T11:04:06.853Z] > refreshing access token with scopes: []
[debug] [2024-10-08T11:04:06.854Z] >>> [apiv2][query] POST https://www.googleapis.com/oauth2/v3/token [none]
[debug] [2024-10-08T11:04:06.854Z] >>> [apiv2][body] POST https://www.googleapis.com/oauth2/v3/token [omitted]
[debug] [2024-10-08T11:04:08.688Z] <<< [apiv2][status] POST https://www.googleapis.com/oauth2/v3/token 400
[debug] [2024-10-08T11:04:08.688Z] <<< [apiv2][body] POST https://www.googleapis.com/oauth2/v3/token [omitted]
[debug] [2024-10-08T11:04:08.689Z] HTTP Error: 401, Request had invalid authentication credentials. Expected OAuth 2 access token, login cookie or other valid authentication credential. See https://developers.google.com/identity/sign-in/web/devconsole-project.
[debug] [2024-10-08T11:04:13.154Z] FirebaseError: HTTP Error: 401, Request had invalid authentication credentials. Expected OAuth 2 access token, login cookie or other valid authentication credential. See https://developers.google.com/identity/sign-in/web/devconsole-project.
    at responseToError (C:\Users\USER\AppData\Roaming\npm\node_modules\firebase-tools\lib\responseToError.js:49:12)
    at RetryOperation._fn (C:\Users\USER\AppData\Roaming\npm\node_modules\firebase-tools\lib\apiv2.js:312:77)
    at process.processTicksAndRejections (node:internal/process/task_queues:95:5)
[error] 
[error] Error: Failed to list Firebase projects. See firebase-debug.log for more info.
[debug] [2024-10-08T11:28:48.390Z] ----------------------------------------------------------------------
[debug] [2024-10-08T11:28:48.394Z] Command:       C:\Program Files\nodejs\node.exe C:\Users\USER\AppData\Roaming\npm\node_modules\firebase-tools\lib\bin\firebase.js login
[debug] [2024-10-08T11:28:48.395Z] CLI Version:   13.21.0
[debug] [2024-10-08T11:28:48.395Z] Platform:      win32
[debug] [2024-10-08T11:28:48.395Z] Node Version:  v20.11.0
[debug] [2024-10-08T11:28:48.395Z] Time:          Tue Oct 08 2024 04:28:48 GMT-0700 (Pacific Daylight Time)
[debug] [2024-10-08T11:28:48.395Z] ----------------------------------------------------------------------
[debug] 
[info] Already logged in as adeshina93@gmail.com
[debug] [2024-10-08T11:28:58.515Z] Error: Timed out.
    at Timeout._onTimeout (C:\Users\USER\AppData\Roaming\npm\node_modules\firebase-tools\lib\utils.js:268:49)
    at listOnTimeout (node:internal/timers:573:17)
    at process.processTimers (node:internal/timers:514:7)
[error] 
[error] Error: An unexpected error has occurred.
[debug] [2024-10-08T11:29:15.922Z] ----------------------------------------------------------------------
[debug] [2024-10-08T11:29:15.927Z] Command:       C:\Program Files\nodejs\node.exe C:\Users\USER\AppData\Roaming\npm\node_modules\firebase-tools\lib\bin\firebase.js init
[debug] [2024-10-08T11:29:15.927Z] CLI Version:   13.21.0
[debug] [2024-10-08T11:29:15.927Z] Platform:      win32
[debug] [2024-10-08T11:29:15.927Z] Node Version:  v20.11.0
[debug] [2024-10-08T11:29:15.928Z] Time:          Tue Oct 08 2024 04:29:15 GMT-0700 (Pacific Daylight Time)
[debug] [2024-10-08T11:29:15.928Z] ----------------------------------------------------------------------
[debug] 
[debug] [2024-10-08T11:29:15.939Z] > command requires scopes: ["email","openid","https://www.googleapis.com/auth/cloudplatformprojects.readonly","https://www.googleapis.com/auth/firebase","https://www.googleapis.com/auth/cloud-platform"]
[debug] [2024-10-08T11:29:15.939Z] > authorizing via signed-in user (adeshina93@gmail.com)
[info] 
     ######## #### ########  ######## ########     ###     ######  ########
     ##        ##  ##     ## ##       ##     ##  ##   ##  ##       ##
     ######    ##  ########  ######   ########  #########  ######  ######
     ##        ##  ##    ##  ##       ##     ## ##     ##       ## ##
     ##       #### ##     ## ######## ########  ##     ##  ######  ########

You're about to initialize a Firebase project in this directory:

  C:\Users\USER\Desktop\AK PROJECT

[info] 
=== Project Setup
[info] 
[info] First, let's associate this project directory with a Firebase project.
[info] You can create multiple project aliases by running firebase use --add, 
[info] but for now we'll just set up a default project.
[info] 
[debug] [2024-10-08T11:29:53.819Z] Checked if tokens are valid: false, expires at: 1709124913108
[debug] [2024-10-08T11:29:53.819Z] Checked if tokens are valid: false, expires at: 1709124913108
[debug] [2024-10-08T11:29:53.820Z] > refreshing access token with scopes: []
[debug] [2024-10-08T11:29:53.825Z] >>> [apiv2][query] POST https://www.googleapis.com/oauth2/v3/token [none]
[debug] [2024-10-08T11:29:53.825Z] >>> [apiv2][body] POST https://www.googleapis.com/oauth2/v3/token [omitted]
[debug] [2024-10-08T11:29:58.978Z] <<< [apiv2][status] POST https://www.googleapis.com/oauth2/v3/token 400
[debug] [2024-10-08T11:29:58.979Z] <<< [apiv2][body] POST https://www.googleapis.com/oauth2/v3/token [omitted]
[debug] [2024-10-08T11:29:58.980Z] >>> [apiv2][query] GET https://firebase.googleapis.com/v1beta1/projects pageSize=100
[debug] [2024-10-08T11:30:20.783Z] <<< [apiv2][status] GET https://firebase.googleapis.com/v1beta1/projects 401
[debug] [2024-10-08T11:30:20.784Z] <<< [apiv2][body] GET https://firebase.googleapis.com/v1beta1/projects [omitted]
[debug] [2024-10-08T11:30:20.784Z] Got a 401 Unauthenticated error for a call that required authentication. Refreshing tokens.
[debug] [2024-10-08T11:30:20.785Z] Checked if tokens are valid: false, expires at: 1709124913108
[debug] [2024-10-08T11:30:20.785Z] Checked if tokens are valid: false, expires at: 1709124913108
[debug] [2024-10-08T11:30:20.785Z] > refreshing access token with scopes: []
[debug] [2024-10-08T11:30:20.788Z] >>> [apiv2][query] POST https://www.googleapis.com/oauth2/v3/token [none]
[debug] [2024-10-08T11:30:20.788Z] >>> [apiv2][body] POST https://www.googleapis.com/oauth2/v3/token [omitted]
[debug] [2024-10-08T11:30:33.196Z] <<< [apiv2][status] POST https://www.googleapis.com/oauth2/v3/token 400
[debug] [2024-10-08T11:30:33.197Z] <<< [apiv2][body] POST https://www.googleapis.com/oauth2/v3/token [omitted]
[debug] [2024-10-08T11:30:33.199Z] HTTP Error: 401, Request had invalid authentication credentials. Expected OAuth 2 access token, login cookie or other valid authentication credential. See https://developers.google.com/identity/sign-in/web/devconsole-project.
[debug] [2024-10-08T11:30:37.644Z] FirebaseError: HTTP Error: 401, Request had invalid authentication credentials. Expected OAuth 2 access token, login cookie or other valid authentication credential. See https://developers.google.com/identity/sign-in/web/devconsole-project.
    at responseToError (C:\Users\USER\AppData\Roaming\npm\node_modules\firebase-tools\lib\responseToError.js:49:12)
    at RetryOperation._fn (C:\Users\USER\AppData\Roaming\npm\node_modules\firebase-tools\lib\apiv2.js:312:77)
    at process.processTicksAndRejections (node:internal/process/task_queues:95:5)
[error] 
[error] Error: Failed to list Firebase projects. See firebase-debug.log for more info.
